<?xml version="1.0" encoding="UTF-8"?>
<!-- Generated by org.testng.reporters.JUnitXMLReporter -->
<testsuite hostname="oshchegula" name="Default test" tests="4" failures="0" timestamp="9 Sep 2014 13:39:58 GMT" time="5.941" errors="0">
  <testcase name="ImportTest" time="3.9" classname="test.JsonServiceTest"/>
  <testcase name="getResultsJsonTest" time="0.095" classname="test.JsonServiceTest"/>
  <testcase name="registrationNegativeTest" time="0.071" classname="test.JsonServiceTest"/>
  <testcase name="registrationTest" time="1.86" classname="test.JsonServiceTest"/>
</testsuite> <!-- Default test -->
