<?xml version="1.0" encoding="UTF-8"?>
<testng-results skipped="0" failed="0" total="1" passed="1">
  <reporter-output>
  </reporter-output>
  <suite name="Default suite" duration-ms="257" started-at="2014-11-04T09:20:10Z" finished-at="2014-11-04T09:20:10Z">
    <groups>
    </groups>
    <test name="Default test" duration-ms="257" started-at="2014-11-04T09:20:10Z" finished-at="2014-11-04T09:20:10Z">
      <class name="test.JsonServiceTest">
        <test-method status="PASS" signature="deleteMarkedTeamsTest()[pri:0, instance:test.JsonServiceTest@1ff8b8f]" name="deleteMarkedTeamsTest" duration-ms="247" started-at="2014-11-04T11:20:10Z" finished-at="2014-11-04T11:20:10Z">
          <reporter-output>
          </reporter-output>
        </test-method> <!-- deleteMarkedTeamsTest -->
      </class> <!-- test.JsonServiceTest -->
    </test> <!-- Default test -->
  </suite> <!-- Default suite -->
</testng-results>
